[2018-10-07T12:56:35.645] [INFO] DataBase - { r: 'mongodb',
  msg: 'Database_successfully_connected',
  body: 'success' }
[2018-10-07T13:56:14.076] [INFO] DataBase - { r: 'mongodb',
  msg: 'Database_successfully_connected',
  body: 'success' }
[2018-10-07T14:02:55.570] [INFO] DataBase - { r: 'mongodb',
  msg: 'Database_successfully_connected',
  body: 'success' }
[2018-10-07T14:59:53.159] [INFO] DataBase - { r: 'mongodb',
  msg: 'Database_successfully_connected',
  body: 'success' }
[2018-10-07T15:06:30.839] [INFO] DataBase - { r: 'mongodb',
  msg: 'Database_successfully_connected',
  body: 'success' }
[2018-10-07T15:06:49.265] [INFO] DataBase - { r: 'mongodb',
  msg: 'Database_successfully_connected',
  body: 'success' }
[2018-10-07T15:07:12.737] [INFO] DataBase - { r: 'mongodb',
  msg: 'Database_successfully_connected',
  body: 'success' }
[2018-10-07T15:07:42.681] [INFO] DataBase - { r: 'mongodb',
  msg: 'Database_successfully_connected',
  body: 'success' }
[2018-10-07T15:09:03.511] [INFO] DataBase - { r: 'mongodb',
  msg: 'Database_successfully_connected',
  body: 'success' }
[2018-10-07T15:11:12.788] [INFO] DataBase - { r: 'mongodb',
  msg: 'Database_successfully_connected',
  body: 'success' }
[2018-10-07T15:11:17.804] [INFO] DataBase - { r: 'mongodb',
  msg: 'Database_successfully_connected',
  body: 'success' }
[2018-10-07T15:11:30.148] [INFO] DataBase - { r: 'mongodb',
  msg: 'Database_successfully_connected',
  body: 'success' }
[2018-10-07T15:17:45.343] [INFO] DataBase - { r: 'mongodb',
  msg: 'Database_successfully_connected',
  body: 'success' }
[2018-10-07T15:18:51.910] [INFO] DataBase - { r: 'mongodb',
  msg: 'Database_successfully_connected',
  body: 'success' }
[2018-10-07T15:20:39.294] [INFO] DataBase - { r: 'mongodb',
  msg: 'Database_successfully_connected',
  body: 'success' }
[2018-10-07T15:21:53.353] [INFO] DataBase - { r: 'mongodb',
  msg: 'Database_successfully_connected',
  body: 'success' }
[2018-10-07T15:26:42.434] [INFO] DataBase - { r: 'mongodb',
  msg: 'Database_successfully_connected',
  body: 'success' }
[2018-10-07T15:27:25.077] [INFO] DataBase - { r: 'mongodb',
  msg: 'Database_successfully_connected',
  body: 'success' }
[2018-10-07T15:30:51.390] [INFO] DataBase - { r: 'mongodb',
  msg: 'Database_successfully_connected',
  body: 'success' }
[2018-10-07T15:31:55.926] [INFO] DataBase - { r: 'mongodb',
  msg: 'Database_successfully_connected',
  body: 'success' }
[2018-10-07T15:44:42.318] [INFO] DataBase - { r: 'mongodb',
  msg: 'Database_successfully_connected',
  body: 'success' }
[2018-10-07T15:45:03.946] [INFO] DataBase - { r: 'mongodb',
  msg: 'Database_successfully_connected',
  body: 'success' }
[2018-10-07T16:05:41.818] [INFO] DataBase - { r: 'mongodb',
  msg: 'Database_successfully_connected',
  body: 'success' }
[2018-10-07T16:22:54.162] [INFO] DataBase - { r: 'mongodb',
  msg: 'Database_successfully_connected',
  body: 'success' }
[2018-10-07T16:32:01.674] [INFO] DataBase - { r: 'mongodb',
  msg: 'Database_successfully_connected',
  body: 'success' }
[2018-10-07T16:32:23.339] [INFO] DataBase - { r: 'mongodb',
  msg: 'Database_successfully_connected',
  body: 'success' }
[2018-10-07T16:32:50.303] [INFO] DataBase - { r: 'mongodb',
  msg: 'Database_successfully_connected',
  body: 'success' }
[2018-10-07T16:34:05.063] [INFO] DataBase - { r: 'mongodb',
  msg: 'Database_successfully_connected',
  body: 'success' }
[2018-10-07T20:09:50.898] [INFO] DataBase - { r: 'mongodb',
  msg: 'Database_successfully_connected',
  body: 'success' }
[2018-10-07T20:14:56.524] [INFO] DataBase - { r: 'mongodb',
  msg: 'Database_successfully_connected',
  body: 'success' }
[2018-10-07T20:31:21.623] [INFO] DataBase - { r: 'mongodb',
  msg: 'Database_successfully_connected',
  body: 'success' }
[2018-10-07T20:33:23.255] [INFO] DataBase - { r: 'mongodb',
  msg: 'Database_successfully_connected',
  body: 'success' }
[2018-10-07T20:38:32.729] [INFO] DataBase - { r: 'mongodb',
  msg: 'Database_successfully_connected',
  body: 'success' }
[2018-10-07T20:40:21.076] [INFO] DataBase - { r: 'mongodb',
  msg: 'Database_successfully_connected',
  body: 'success' }
[2018-10-07T20:40:39.493] [INFO] DataBase - { r: 'mongodb',
  msg: 'Database_successfully_connected',
  body: 'success' }
[2018-10-07T20:47:40.541] [INFO] DataBase - { r: 'mongodb',
  msg: 'Database_successfully_connected',
  body: 'success' }
[2018-10-07T20:56:06.801] [INFO] DataBase - { r: 'mongodb',
  msg: 'Database_successfully_connected',
  body: 'success' }
[2018-10-07T20:58:36.458] [INFO] DataBase - { r: 'mongodb',
  msg: 'Database_successfully_connected',
  body: 'success' }
[2018-10-07T20:59:06.875] [INFO] DataBase - { r: 'mongodb',
  msg: 'Database_successfully_connected',
  body: 'success' }
[2018-10-07T21:03:03.832] [INFO] DataBase - { r: 'mongodb',
  msg: 'Database_successfully_connected',
  body: 'success' }
[2018-10-07T21:12:52.957] [INFO] DataBase - { r: 'mongodb',
  msg: 'Database_successfully_connected',
  body: 'success' }
[2018-10-07T21:14:07.108] [INFO] DataBase - { r: 'mongodb',
  msg: 'Database_successfully_connected',
  body: 'success' }
[2018-10-07T21:25:54.789] [INFO] DataBase - { r: 'mongodb',
  msg: 'Database_successfully_connected',
  body: 'success' }
[2018-10-07T21:26:07.857] [INFO] DataBase - { r: 'mongodb',
  msg: 'Database_successfully_connected',
  body: 'success' }
[2018-10-07T21:26:49.972] [INFO] DataBase - { r: 'mongodb',
  msg: 'Database_successfully_connected',
  body: 'success' }
[2018-10-07T21:27:12.785] [INFO] DataBase - { r: 'mongodb',
  msg: 'Database_successfully_connected',
  body: 'success' }
[2018-10-07T21:29:18.191] [INFO] DataBase - { r: 'mongodb',
  msg: 'Database_successfully_connected',
  body: 'success' }
[2018-10-07T21:32:41.173] [INFO] DataBase - { r: 'mongodb',
  msg: 'Database_successfully_connected',
  body: 'success' }
[2018-10-07T21:32:59.959] [INFO] DataBase - { r: 'mongodb',
  msg: 'Database_successfully_connected',
  body: 'success' }
[2018-10-07T21:35:02.484] [INFO] DataBase - { r: 'mongodb',
  msg: 'Database_successfully_connected',
  body: 'success' }
[2018-10-07T21:43:07.494] [INFO] DataBase - { r: 'mongodb',
  msg: 'Database_successfully_connected',
  body: 'success' }
[2018-10-07T21:47:51.782] [INFO] DataBase - { r: 'mongodb',
  msg: 'Database_successfully_connected',
  body: 'success' }
[2018-10-07T21:50:06.400] [INFO] DataBase - { r: 'mongodb',
  msg: 'Database_successfully_connected',
  body: 'success' }
[2018-10-07T21:50:38.681] [INFO] DataBase - { r: 'mongodb',
  msg: 'Database_successfully_connected',
  body: 'success' }
[2018-10-07T21:53:35.913] [INFO] DataBase - { r: 'mongodb',
  msg: 'Database_successfully_connected',
  body: 'success' }
[2018-10-07T21:55:10.477] [INFO] DataBase - { r: 'mongodb',
  msg: 'Database_successfully_connected',
  body: 'success' }
[2018-10-07T22:04:35.609] [INFO] DataBase - { r: 'mongodb',
  msg: 'Database_successfully_connected',
  body: 'success' }
[2018-10-07T22:07:45.594] [INFO] DataBase - { r: 'mongodb',
  msg: 'Database_successfully_connected',
  body: 'success' }
[2018-10-07T22:08:18.164] [INFO] DataBase - { r: 'mongodb',
  msg: 'Database_successfully_connected',
  body: 'success' }
[2018-10-07T22:14:27.607] [INFO] DataBase - { r: 'mongodb',
  msg: 'Database_successfully_connected',
  body: 'success' }
[2018-10-07T22:15:06.408] [INFO] DataBase - { r: 'mongodb',
  msg: 'Database_successfully_connected',
  body: 'success' }
[2018-10-07T22:31:46.917] [INFO] DataBase - { r: 'mongodb',
  msg: 'Database_successfully_connected',
  body: 'success' }
[2018-10-07T22:32:18.064] [INFO] DataBase - { r: 'mongodb',
  msg: 'Database_successfully_connected',
  body: 'success' }
[2018-10-07T22:34:08.521] [INFO] DataBase - { r: 'mongodb',
  msg: 'Database_successfully_connected',
  body: 'success' }
[2018-10-07T22:43:25.597] [INFO] DataBase - { r: 'mongodb',
  msg: 'Database_successfully_connected',
  body: 'success' }
[2018-10-07T22:47:57.175] [INFO] DataBase - { r: 'mongodb',
  msg: 'Database_successfully_connected',
  body: 'success' }
[2018-10-07T22:48:46.912] [INFO] DataBase - { r: 'mongodb',
  msg: 'Database_successfully_connected',
  body: 'success' }
[2018-10-07T22:49:03.539] [INFO] DataBase - { r: 'mongodb',
  msg: 'Database_successfully_connected',
  body: 'success' }
[2018-10-07T22:49:24.518] [INFO] DataBase - { r: 'mongodb',
  msg: 'Database_successfully_connected',
  body: 'success' }
[2018-10-07T22:49:49.497] [INFO] DataBase - { r: 'mongodb',
  msg: 'Database_successfully_connected',
  body: 'success' }
[2018-10-07T22:55:51.656] [INFO] DataBase - { r: 'mongodb',
  msg: 'Database_successfully_connected',
  body: 'success' }
[2018-10-07T22:56:04.337] [INFO] DataBase - { r: 'mongodb',
  msg: 'Database_successfully_connected',
  body: 'success' }
[2018-10-07T23:01:49.916] [INFO] DataBase - { r: 'mongodb',
  msg: 'Database_successfully_connected',
  body: 'success' }
[2018-10-07T23:11:17.274] [INFO] DataBase - { r: 'mongodb',
  msg: 'Database_successfully_connected',
  body: 'success' }
[2018-10-07T23:13:51.794] [INFO] DataBase - { r: 'mongodb',
  msg: 'Database_successfully_connected',
  body: 'success' }
[2018-10-07T23:14:55.057] [INFO] DataBase - { r: 'mongodb',
  msg: 'Database_successfully_connected',
  body: 'success' }
[2018-10-07T23:15:03.011] [INFO] DataBase - { r: 'mongodb',
  msg: 'Database_successfully_connected',
  body: 'success' }
[2018-10-07T23:15:27.653] [INFO] DataBase - { r: 'mongodb',
  msg: 'Database_successfully_connected',
  body: 'success' }
[2018-10-07T23:16:05.688] [INFO] DataBase - { r: 'mongodb',
  msg: 'Database_successfully_connected',
  body: 'success' }
[2018-10-07T23:16:36.029] [INFO] DataBase - { r: 'mongodb',
  msg: 'Database_successfully_connected',
  body: 'success' }
[2018-10-07T23:16:49.084] [INFO] DataBase - { r: 'mongodb',
  msg: 'Database_successfully_connected',
  body: 'success' }
[2018-10-07T23:21:59.323] [INFO] DataBase - { r: 'mongodb',
  msg: 'Database_successfully_connected',
  body: 'success' }
[2018-10-07T23:24:32.370] [INFO] DataBase - { r: 'mongodb',
  msg: 'Database_successfully_connected',
  body: 'success' }
[2018-10-07T23:26:15.870] [INFO] DataBase - { r: 'mongodb',
  msg: 'Database_successfully_connected',
  body: 'success' }
[2018-10-07T23:26:32.329] [INFO] DataBase - { r: 'mongodb',
  msg: 'Database_successfully_connected',
  body: 'success' }
[2018-10-07T23:27:15.304] [INFO] DataBase - { r: 'mongodb',
  msg: 'Database_successfully_connected',
  body: 'success' }
[2018-10-07T23:28:10.444] [INFO] DataBase - { r: 'mongodb',
  msg: 'Database_successfully_connected',
  body: 'success' }
[2018-10-07T23:28:47.640] [INFO] DataBase - { r: 'mongodb',
  msg: 'Database_successfully_connected',
  body: 'success' }
[2018-10-07T23:29:11.072] [INFO] DataBase - { r: 'mongodb',
  msg: 'Database_successfully_connected',
  body: 'success' }
[2018-10-07T23:30:03.528] [INFO] DataBase - { r: 'mongodb',
  msg: 'Database_successfully_connected',
  body: 'success' }
[2018-10-07T23:31:12.251] [INFO] DataBase - { r: 'mongodb',
  msg: 'Database_successfully_connected',
  body: 'success' }
[2018-10-07T23:33:16.984] [INFO] DataBase - { r: 'mongodb',
  msg: 'Database_successfully_connected',
  body: 'success' }
[2018-10-07T23:36:28.897] [INFO] DataBase - { r: 'mongodb',
  msg: 'Database_successfully_connected',
  body: 'success' }
[2018-10-07T23:36:43.008] [INFO] DataBase - { r: 'mongodb',
  msg: 'Database_successfully_connected',
  body: 'success' }
[2018-10-07T23:39:01.020] [INFO] DataBase - { r: 'mongodb',
  msg: 'Database_successfully_connected',
  body: 'success' }
[2018-10-07T23:41:47.585] [INFO] DataBase - { r: 'mongodb',
  msg: 'Database_successfully_connected',
  body: 'success' }
[2018-10-07T23:42:20.783] [INFO] DataBase - { r: 'mongodb',
  msg: 'Database_successfully_connected',
  body: 'success' }
[2018-10-07T23:42:26.566] [INFO] DataBase - { r: 'mongodb',
  msg: 'Database_successfully_connected',
  body: 'success' }
[2018-10-07T23:44:07.625] [INFO] DataBase - { r: 'mongodb',
  msg: 'Database_successfully_connected',
  body: 'success' }
[2018-10-07T23:47:44.222] [INFO] DataBase - { r: 'mongodb',
  msg: 'Database_successfully_connected',
  body: 'success' }
[2018-10-07T23:48:08.447] [INFO] DataBase - { r: 'mongodb',
  msg: 'Database_successfully_connected',
  body: 'success' }
[2018-10-07T23:49:29.546] [INFO] DataBase - { r: 'mongodb',
  msg: 'Database_successfully_connected',
  body: 'success' }
[2018-10-07T23:51:15.517] [INFO] DataBase - { r: 'mongodb',
  msg: 'Database_successfully_connected',
  body: 'success' }
[2018-10-07T23:51:23.190] [INFO] DataBase - { r: 'mongodb',
  msg: 'Database_successfully_connected',
  body: 'success' }
[2018-10-07T23:51:25.672] [INFO] DataBase - { r: 'mongodb',
  msg: 'Database_successfully_connected',
  body: 'success' }
[2018-10-07T23:54:23.447] [INFO] DataBase - { r: 'mongodb',
  msg: 'Database_successfully_connected',
  body: 'success' }
[2018-10-07T23:54:31.847] [INFO] DataBase - { r: 'mongodb',
  msg: 'Database_successfully_connected',
  body: 'success' }
[2018-10-08T00:05:04.327] [INFO] DataBase - { r: 'mongodb',
  msg: 'Database_successfully_connected',
  body: 'success' }
[2018-10-08T00:36:38.574] [INFO] DataBase - { r: 'mongodb',
  msg: 'Database_successfully_connected',
  body: 'success' }
[2019-01-24T07:08:42.957] [ERROR] DataBase - { r: 'mongodb',
  msg: 'mongodb_connection_error',
  body: 
   { MongoError: Authentication failed.
       at /home/manish/Documents/vizack-server/node_modules/mongodb-core/lib/connection/pool.js:581:63
       at authenticateStragglers (/home/manish/Documents/vizack-server/node_modules/mongodb-core/lib/connection/pool.js:504:16)
       at Connection.messageHandler (/home/manish/Documents/vizack-server/node_modules/mongodb-core/lib/connection/pool.js:540:5)
       at emitMessageHandler (/home/manish/Documents/vizack-server/node_modules/mongodb-core/lib/connection/connection.js:310:10)
       at Socket.<anonymous> (/home/manish/Documents/vizack-server/node_modules/mongodb-core/lib/connection/connection.js:453:17)
       at emitOne (events.js:96:13)
       at Socket.emit (events.js:188:7)
       at readableAddChunk (_stream_readable.js:176:18)
       at Socket.Readable.push (_stream_readable.js:134:10)
       at TCP.onread (net.js:559:20)
     ok: 0,
     errmsg: 'Authentication failed.',
     code: 18,
     codeName: 'AuthenticationFailed',
     operationTime: Timestamp { _bsontype: 'Timestamp', low_: 1, high_: 1548293917 },
     '$clusterTime': { clusterTime: [Object], signature: [Object] },
     name: 'MongoError' } }
[2019-01-24T08:07:33.048] [INFO] DataBase - { r: 'mongodb',
  msg: 'Database_successfully_connected',
  body: 'success' }
[2019-01-24T18:56:05.877] [INFO] DataBase - { r: 'mongodb',
  msg: 'Database_successfully_connected',
  body: 'success' }
[2019-01-24T21:05:41.064] [INFO] DataBase - { r: 'mongodb',
  msg: 'Database_successfully_connected',
  body: 'success' }
[2019-01-24T22:18:42.530] [INFO] DataBase - { r: 'mongodb',
  msg: 'Database_successfully_connected',
  body: 'success' }
[2019-01-24T22:35:17.240] [INFO] DataBase - { r: 'mongodb',
  msg: 'Database_successfully_connected',
  body: 'success' }
[2019-01-24T22:41:51.631] [INFO] DataBase - { r: 'mongodb',
  msg: 'Database_successfully_connected',
  body: 'success' }
[2019-01-24T22:46:33.077] [INFO] DataBase - { r: 'mongodb',
  msg: 'Database_successfully_connected',
  body: 'success' }
[2019-01-24T22:52:58.034] [INFO] DataBase - { r: 'mongodb',
  msg: 'Database_successfully_connected',
  body: 'success' }
[2019-01-24T23:01:21.992] [INFO] DataBase - { r: 'mongodb',
  msg: 'Database_successfully_connected',
  body: 'success' }
[2019-01-24T23:15:54.019] [INFO] DataBase - { r: 'mongodb',
  msg: 'Database_successfully_connected',
  body: 'success' }
[2019-01-24T23:22:46.519] [INFO] DataBase - { r: 'mongodb',
  msg: 'Database_successfully_connected',
  body: 'success' }
[2019-01-24T23:23:22.104] [INFO] DataBase - { r: 'mongodb',
  msg: 'Database_successfully_connected',
  body: 'success' }
[2019-01-24T23:33:56.647] [INFO] DataBase - { r: 'mongodb',
  msg: 'Database_successfully_connected',
  body: 'success' }
[2019-01-24T23:34:55.885] [INFO] DataBase - { r: 'mongodb',
  msg: 'Database_successfully_connected',
  body: 'success' }
[2019-01-24T23:45:02.917] [INFO] DataBase - { r: 'mongodb',
  msg: 'Database_successfully_connected',
  body: 'success' }
[2019-01-24T23:47:57.647] [INFO] DataBase - { r: 'mongodb',
  msg: 'Database_successfully_connected',
  body: 'success' }
[2019-01-24T23:52:11.745] [INFO] DataBase - { r: 'mongodb',
  msg: 'Database_successfully_connected',
  body: 'success' }
[2019-01-24T23:59:03.452] [INFO] DataBase - { r: 'mongodb',
  msg: 'Database_successfully_connected',
  body: 'success' }
[2019-01-24T23:59:10.397] [INFO] DataBase - { r: 'mongodb',
  msg: 'Database_successfully_connected',
  body: 'success' }
[2019-01-25T00:11:46.178] [INFO] DataBase - { r: 'mongodb',
  msg: 'Database_successfully_connected',
  body: 'success' }
[2019-01-25T00:31:51.303] [INFO] DataBase - { r: 'mongodb',
  msg: 'Database_successfully_connected',
  body: 'success' }
[2019-01-25T00:34:58.727] [INFO] DataBase - { r: 'mongodb',
  msg: 'Database_successfully_connected',
  body: 'success' }
[2019-01-25T00:36:51.765] [INFO] DataBase - { r: 'mongodb',
  msg: 'Database_successfully_connected',
  body: 'success' }
[2019-01-25T07:29:07.409] [ERROR] DataBase - { r: 'mongodb',
  msg: 'mongodb_connection_error',
  body: 
   { MongoNetworkError: failed to connect to server [localhost:27017] on first connect [MongoNetworkError: connect ECONNREFUSED 127.0.0.1:27017]
       at Pool.<anonymous> (/home/manish/Documents/vizack-server/node_modules/mongodb-core/lib/topologies/server.js:564:11)
       at emitOne (events.js:96:13)
       at Pool.emit (events.js:188:7)
       at Connection.<anonymous> (/home/manish/Documents/vizack-server/node_modules/mongodb-core/lib/connection/pool.js:317:12)
       at Connection.g (events.js:292:16)
       at emitTwo (events.js:106:13)
       at Connection.emit (events.js:191:7)
       at Socket.<anonymous> (/home/manish/Documents/vizack-server/node_modules/mongodb-core/lib/connection/connection.js:246:50)
       at Socket.g (events.js:292:16)
       at emitOne (events.js:96:13)
       at Socket.emit (events.js:188:7)
       at emitErrorNT (net.js:1290:8)
       at _combinedTickCallback (internal/process/next_tick.js:80:11)
       at process._tickCallback (internal/process/next_tick.js:104:9)
     name: 'MongoNetworkError',
     errorLabels: [ 'TransientTransactionError' ] } }
[2019-01-25T07:32:36.079] [ERROR] DataBase - { r: 'mongodb',
  msg: 'mongodb_connection_error',
  body: 
   { MongoNetworkError: failed to connect to server [localhost:27017] on first connect [MongoNetworkError: connect ECONNREFUSED 127.0.0.1:27017]
       at Pool.<anonymous> (/home/manish/Documents/vizack-server/node_modules/mongodb-core/lib/topologies/server.js:564:11)
       at emitOne (events.js:96:13)
       at Pool.emit (events.js:188:7)
       at Connection.<anonymous> (/home/manish/Documents/vizack-server/node_modules/mongodb-core/lib/connection/pool.js:317:12)
       at Connection.g (events.js:292:16)
       at emitTwo (events.js:106:13)
       at Connection.emit (events.js:191:7)
       at Socket.<anonymous> (/home/manish/Documents/vizack-server/node_modules/mongodb-core/lib/connection/connection.js:246:50)
       at Socket.g (events.js:292:16)
       at emitOne (events.js:96:13)
       at Socket.emit (events.js:188:7)
       at emitErrorNT (net.js:1290:8)
       at _combinedTickCallback (internal/process/next_tick.js:80:11)
       at process._tickCallback (internal/process/next_tick.js:104:9)
     name: 'MongoNetworkError',
     errorLabels: [ 'TransientTransactionError' ] } }
[2019-01-25T07:34:42.159] [ERROR] DataBase - { r: 'mongodb',
  msg: 'mongodb_connection_error',
  body: 
   { MongoNetworkError: failed to connect to server [localhost:27017] on first connect [MongoNetworkError: connect ECONNREFUSED 127.0.0.1:27017]
       at Pool.<anonymous> (/home/manish/Documents/vizack-server/node_modules/mongodb-core/lib/topologies/server.js:564:11)
       at emitOne (events.js:96:13)
       at Pool.emit (events.js:188:7)
       at Connection.<anonymous> (/home/manish/Documents/vizack-server/node_modules/mongodb-core/lib/connection/pool.js:317:12)
       at Connection.g (events.js:292:16)
       at emitTwo (events.js:106:13)
       at Connection.emit (events.js:191:7)
       at Socket.<anonymous> (/home/manish/Documents/vizack-server/node_modules/mongodb-core/lib/connection/connection.js:246:50)
       at Socket.g (events.js:292:16)
       at emitOne (events.js:96:13)
       at Socket.emit (events.js:188:7)
       at emitErrorNT (net.js:1290:8)
       at _combinedTickCallback (internal/process/next_tick.js:80:11)
       at process._tickCallback (internal/process/next_tick.js:104:9)
     name: 'MongoNetworkError',
     errorLabels: [ 'TransientTransactionError' ] } }
[2019-01-25T07:42:21.258] [ERROR] DataBase - { r: 'mongodb',
  msg: 'mongodb_connection_error',
  body: 
   { MongoNetworkError: failed to connect to server [localhost:27017] on first connect [MongoNetworkError: connect ECONNREFUSED 127.0.0.1:27017]
       at Pool.<anonymous> (/home/manish/Documents/vizack-server/node_modules/mongodb-core/lib/topologies/server.js:564:11)
       at emitOne (events.js:96:13)
       at Pool.emit (events.js:188:7)
       at Connection.<anonymous> (/home/manish/Documents/vizack-server/node_modules/mongodb-core/lib/connection/pool.js:317:12)
       at Connection.g (events.js:292:16)
       at emitTwo (events.js:106:13)
       at Connection.emit (events.js:191:7)
       at Socket.<anonymous> (/home/manish/Documents/vizack-server/node_modules/mongodb-core/lib/connection/connection.js:246:50)
       at Socket.g (events.js:292:16)
       at emitOne (events.js:96:13)
       at Socket.emit (events.js:188:7)
       at emitErrorNT (net.js:1290:8)
       at _combinedTickCallback (internal/process/next_tick.js:80:11)
       at process._tickCallback (internal/process/next_tick.js:104:9)
     name: 'MongoNetworkError',
     errorLabels: [ 'TransientTransactionError' ] } }
[2019-01-25T15:58:11.846] [INFO] DataBase - { r: 'mongodb',
  msg: 'Database_successfully_connected',
  body: 'success' }
[2019-01-25T16:12:42.595] [INFO] DataBase - { r: 'mongodb',
  msg: 'Database_successfully_connected',
  body: 'success' }
[2019-01-25T16:18:31.030] [INFO] DataBase - { r: 'mongodb',
  msg: 'Database_successfully_connected',
  body: 'success' }
[2019-01-25T16:32:38.303] [INFO] DataBase - { r: 'mongodb',
  msg: 'Database_successfully_connected',
  body: 'success' }
[2019-01-25T16:35:21.866] [INFO] DataBase - { r: 'mongodb',
  msg: 'Database_successfully_connected',
  body: 'success' }
[2019-01-25T16:36:13.081] [INFO] DataBase - { r: 'mongodb',
  msg: 'Database_successfully_connected',
  body: 'success' }
[2019-01-25T16:36:31.844] [INFO] DataBase - { r: 'mongodb',
  msg: 'Database_successfully_connected',
  body: 'success' }
[2019-01-25T16:57:35.733] [INFO] DataBase - { r: 'mongodb',
  msg: 'Database_successfully_connected',
  body: 'success' }
[2019-01-25T16:57:40.054] [INFO] DataBase - { r: 'mongodb',
  msg: 'Database_successfully_connected',
  body: 'success' }
[2019-01-25T17:09:29.142] [INFO] DataBase - { r: 'mongodb',
  msg: 'Database_successfully_connected',
  body: 'success' }
[2019-01-25T17:12:24.339] [INFO] DataBase - { r: 'mongodb',
  msg: 'Database_successfully_connected',
  body: 'success' }
[2019-01-25T17:14:36.810] [INFO] DataBase - { r: 'mongodb',
  msg: 'Database_successfully_connected',
  body: 'success' }
[2019-01-25T17:32:04.345] [INFO] DataBase - { r: 'mongodb',
  msg: 'Database_successfully_connected',
  body: 'success' }
[2019-01-25T17:41:53.531] [INFO] DataBase - { r: 'mongodb',
  msg: 'Database_successfully_connected',
  body: 'success' }
[2019-01-25T17:44:13.146] [INFO] DataBase - { r: 'mongodb',
  msg: 'Database_successfully_connected',
  body: 'success' }
[2019-01-25T17:56:31.285] [INFO] DataBase - { r: 'mongodb',
  msg: 'Database_successfully_connected',
  body: 'success' }
[2019-01-25T18:02:26.879] [INFO] DataBase - { r: 'mongodb',
  msg: 'Database_successfully_connected',
  body: 'success' }
[2019-01-25T18:03:27.623] [INFO] DataBase - { r: 'mongodb',
  msg: 'Database_successfully_connected',
  body: 'success' }
[2019-01-25T18:14:10.460] [INFO] DataBase - { r: 'mongodb',
  msg: 'Database_successfully_connected',
  body: 'success' }
[2019-01-25T18:15:10.865] [INFO] DataBase - { r: 'mongodb',
  msg: 'Database_successfully_connected',
  body: 'success' }
[2019-01-25T18:24:08.643] [INFO] DataBase - { r: 'mongodb',
  msg: 'Database_successfully_connected',
  body: 'success' }
[2019-01-25T18:28:32.068] [INFO] DataBase - { r: 'mongodb',
  msg: 'Database_successfully_connected',
  body: 'success' }
[2019-01-25T18:31:30.772] [INFO] DataBase - { r: 'mongodb',
  msg: 'Database_successfully_connected',
  body: 'success' }
[2019-01-25T18:32:45.982] [INFO] DataBase - { r: 'mongodb',
  msg: 'Database_successfully_connected',
  body: 'success' }
[2019-01-25T18:40:40.131] [INFO] DataBase - { r: 'mongodb',
  msg: 'Database_successfully_connected',
  body: 'success' }
[2019-01-25T18:41:44.286] [INFO] DataBase - { r: 'mongodb',
  msg: 'Database_successfully_connected',
  body: 'success' }
[2019-01-25T18:50:54.192] [INFO] DataBase - { r: 'mongodb',
  msg: 'Database_successfully_connected',
  body: 'success' }
[2019-01-25T18:52:42.360] [INFO] DataBase - { r: 'mongodb',
  msg: 'Database_successfully_connected',
  body: 'success' }
[2019-01-25T19:00:38.831] [INFO] DataBase - { r: 'mongodb',
  msg: 'Database_successfully_connected',
  body: 'success' }
[2019-01-25T19:12:37.331] [INFO] DataBase - { r: 'mongodb',
  msg: 'Database_successfully_connected',
  body: 'success' }
[2019-01-25T19:13:59.610] [INFO] DataBase - { r: 'mongodb',
  msg: 'Database_successfully_connected',
  body: 'success' }
[2019-01-25T19:26:26.342] [INFO] DataBase - { r: 'mongodb',
  msg: 'Database_successfully_connected',
  body: 'success' }
[2019-01-25T19:30:45.041] [INFO] DataBase - { r: 'mongodb',
  msg: 'Database_successfully_connected',
  body: 'success' }
[2019-01-25T19:32:38.976] [INFO] DataBase - { r: 'mongodb',
  msg: 'Database_successfully_connected',
  body: 'success' }
[2019-01-25T19:35:19.160] [INFO] DataBase - { r: 'mongodb',
  msg: 'Database_successfully_connected',
  body: 'success' }
[2019-01-25T19:37:59.055] [INFO] DataBase - { r: 'mongodb',
  msg: 'Database_successfully_connected',
  body: 'success' }
[2019-01-25T20:05:44.488] [INFO] DataBase - { r: 'mongodb',
  msg: 'Database_successfully_connected',
  body: 'success' }
[2019-01-25T20:09:35.628] [INFO] DataBase - { r: 'mongodb',
  msg: 'Database_successfully_connected',
  body: 'success' }
[2019-01-25T20:31:47.615] [INFO] DataBase - { r: 'mongodb',
  msg: 'Database_successfully_connected',
  body: 'success' }
[2019-01-25T20:52:45.617] [INFO] DataBase - { r: 'mongodb',
  msg: 'Database_successfully_connected',
  body: 'success' }
[2019-01-25T20:57:46.017] [INFO] DataBase - { r: 'mongodb',
  msg: 'Database_successfully_connected',
  body: 'success' }
[2019-01-25T21:23:30.220] [INFO] DataBase - { r: 'mongodb',
  msg: 'Database_successfully_connected',
  body: 'success' }
[2019-01-25T21:28:20.275] [INFO] DataBase - { r: 'mongodb',
  msg: 'Database_successfully_connected',
  body: 'success' }
[2019-01-25T21:28:37.830] [INFO] DataBase - { r: 'mongodb',
  msg: 'Database_successfully_connected',
  body: 'success' }
[2019-01-25T21:32:05.822] [INFO] DataBase - { r: 'mongodb',
  msg: 'Database_successfully_connected',
  body: 'success' }
[2019-01-25T21:32:19.144] [INFO] DataBase - { r: 'mongodb',
  msg: 'Database_successfully_connected',
  body: 'success' }
[2019-01-25T21:35:35.668] [INFO] DataBase - { r: 'mongodb',
  msg: 'Database_successfully_connected',
  body: 'success' }
[2019-01-25T21:37:43.530] [INFO] DataBase - { r: 'mongodb',
  msg: 'Database_successfully_connected',
  body: 'success' }
[2019-01-25T21:41:21.651] [INFO] DataBase - { r: 'mongodb',
  msg: 'Database_successfully_connected',
  body: 'success' }
[2019-01-25T22:33:53.547] [INFO] DataBase - { r: 'mongodb',
  msg: 'Database_successfully_connected',
  body: 'success' }
[2019-01-25T22:40:04.594] [INFO] DataBase - { r: 'mongodb',
  msg: 'Database_successfully_connected',
  body: 'success' }
[2019-01-25T22:41:03.427] [INFO] DataBase - { r: 'mongodb',
  msg: 'Database_successfully_connected',
  body: 'success' }
[2019-01-25T22:44:21.307] [INFO] DataBase - { r: 'mongodb',
  msg: 'Database_successfully_connected',
  body: 'success' }
[2019-01-25T22:46:49.006] [INFO] DataBase - { r: 'mongodb',
  msg: 'Database_successfully_connected',
  body: 'success' }
[2019-01-25T23:09:20.541] [INFO] DataBase - { r: 'mongodb',
  msg: 'Database_successfully_connected',
  body: 'success' }
[2019-01-25T23:29:16.214] [INFO] DataBase - { r: 'mongodb',
  msg: 'Database_successfully_connected',
  body: 'success' }
[2019-01-25T23:29:58.486] [INFO] DataBase - { r: 'mongodb',
  msg: 'Database_successfully_connected',
  body: 'success' }
[2019-01-25T23:32:44.194] [INFO] DataBase - { r: 'mongodb',
  msg: 'Database_successfully_connected',
  body: 'success' }
[2019-01-25T23:36:17.183] [INFO] DataBase - { r: 'mongodb',
  msg: 'Database_successfully_connected',
  body: 'success' }
[2019-01-25T23:37:01.000] [INFO] DataBase - { r: 'mongodb',
  msg: 'Database_successfully_connected',
  body: 'success' }
[2019-01-25T23:37:29.285] [INFO] DataBase - { r: 'mongodb',
  msg: 'Database_successfully_connected',
  body: 'success' }
[2019-01-26T00:09:10.831] [INFO] DataBase - { r: 'mongodb',
  msg: 'Database_successfully_connected',
  body: 'success' }
[2019-01-26T00:17:30.043] [INFO] DataBase - { r: 'mongodb',
  msg: 'Database_successfully_connected',
  body: 'success' }
[2019-01-26T00:30:04.368] [INFO] DataBase - { r: 'mongodb',
  msg: 'Database_successfully_connected',
  body: 'success' }
[2019-01-26T00:42:04.920] [INFO] DataBase - { r: 'mongodb',
  msg: 'Database_successfully_connected',
  body: 'success' }
[2019-01-26T00:42:09.653] [INFO] DataBase - { r: 'mongodb',
  msg: 'Database_successfully_connected',
  body: 'success' }
[2019-01-26T00:42:54.242] [INFO] DataBase - { r: 'mongodb',
  msg: 'Database_successfully_connected',
  body: 'success' }
[2019-01-26T00:46:17.005] [INFO] DataBase - { r: 'mongodb',
  msg: 'Database_successfully_connected',
  body: 'success' }
[2019-01-26T01:02:50.340] [INFO] DataBase - { r: 'mongodb',
  msg: 'Database_successfully_connected',
  body: 'success' }
[2019-01-26T01:03:18.397] [INFO] DataBase - { r: 'mongodb',
  msg: 'Database_successfully_connected',
  body: 'success' }
[2019-01-26T01:04:08.084] [INFO] DataBase - { r: 'mongodb',
  msg: 'Database_successfully_connected',
  body: 'success' }
[2019-01-26T01:04:21.348] [INFO] DataBase - { r: 'mongodb',
  msg: 'Database_successfully_connected',
  body: 'success' }
[2019-01-26T01:05:25.981] [INFO] DataBase - { r: 'mongodb',
  msg: 'Database_successfully_connected',
  body: 'success' }
[2019-01-26T01:11:45.820] [INFO] DataBase - { r: 'mongodb',
  msg: 'Database_successfully_connected',
  body: 'success' }
[2019-01-26T01:12:45.990] [INFO] DataBase - { r: 'mongodb',
  msg: 'Database_successfully_connected',
  body: 'success' }
[2019-01-26T01:15:53.534] [INFO] DataBase - { r: 'mongodb',
  msg: 'Database_successfully_connected',
  body: 'success' }
[2019-01-26T01:16:38.138] [INFO] DataBase - { r: 'mongodb',
  msg: 'Database_successfully_connected',
  body: 'success' }
[2019-01-26T01:18:30.828] [INFO] DataBase - { r: 'mongodb',
  msg: 'Database_successfully_connected',
  body: 'success' }
[2019-01-26T01:31:22.291] [INFO] DataBase - { r: 'mongodb',
  msg: 'Database_successfully_connected',
  body: 'success' }
[2019-01-26T01:37:39.699] [INFO] DataBase - { r: 'mongodb',
  msg: 'Database_successfully_connected',
  body: 'success' }
[2019-01-26T01:45:15.093] [INFO] DataBase - { r: 'mongodb',
  msg: 'Database_successfully_connected',
  body: 'success' }
[2019-01-26T02:04:12.171] [INFO] DataBase - { r: 'mongodb',
  msg: 'Database_successfully_connected',
  body: 'success' }
[2019-01-26T02:14:22.340] [INFO] DataBase - { r: 'mongodb',
  msg: 'Database_successfully_connected',
  body: 'success' }
[2019-01-26T02:15:06.711] [INFO] DataBase - { r: 'mongodb',
  msg: 'Database_successfully_connected',
  body: 'success' }
[2019-01-26T02:18:19.924] [INFO] DataBase - { r: 'mongodb',
  msg: 'Database_successfully_connected',
  body: 'success' }
[2019-01-26T02:23:54.623] [INFO] DataBase - { r: 'mongodb',
  msg: 'Database_successfully_connected',
  body: 'success' }
[2019-01-26T02:24:23.868] [INFO] DataBase - { r: 'mongodb',
  msg: 'Database_successfully_connected',
  body: 'success' }
[2019-01-26T02:30:24.734] [INFO] DataBase - { r: 'mongodb',
  msg: 'Database_successfully_connected',
  body: 'success' }
[2019-01-26T03:16:01.512] [INFO] DataBase - { r: 'mongodb',
  msg: 'Database_successfully_connected',
  body: 'success' }
[2019-01-26T03:16:17.726] [INFO] DataBase - { r: 'mongodb',
  msg: 'Database_successfully_connected',
  body: 'success' }
[2019-01-26T03:28:52.094] [INFO] DataBase - { r: 'mongodb',
  msg: 'Database_successfully_connected',
  body: 'success' }
[2019-01-26T03:30:36.475] [INFO] DataBase - { r: 'mongodb',
  msg: 'Database_successfully_connected',
  body: 'success' }
[2019-01-26T03:30:43.710] [INFO] DataBase - { r: 'mongodb',
  msg: 'Database_successfully_connected',
  body: 'success' }
[2019-01-26T03:39:45.944] [INFO] DataBase - { r: 'mongodb',
  msg: 'Database_successfully_connected',
  body: 'success' }
[2019-01-26T04:25:31.216] [INFO] DataBase - { r: 'mongodb',
  msg: 'Database_successfully_connected',
  body: 'success' }
[2019-01-26T04:44:27.090] [INFO] DataBase - { r: 'mongodb',
  msg: 'Database_successfully_connected',
  body: 'success' }
[2019-01-26T04:51:09.720] [INFO] DataBase - { r: 'mongodb',
  msg: 'Database_successfully_connected',
  body: 'success' }
[2019-01-26T05:39:34.745] [INFO] DataBase - { r: 'mongodb',
  msg: 'Database_successfully_connected',
  body: 'success' }
[2019-01-26T05:39:45.988] [INFO] DataBase - { r: 'mongodb',
  msg: 'Database_successfully_connected',
  body: 'success' }
[2019-01-26T05:46:52.011] [INFO] DataBase - { r: 'mongodb',
  msg: 'Database_successfully_connected',
  body: 'success' }
[2019-01-26T05:46:59.920] [INFO] DataBase - { r: 'mongodb',
  msg: 'Database_successfully_connected',
  body: 'success' }
[2019-01-26T05:47:26.555] [INFO] DataBase - { r: 'mongodb',
  msg: 'Database_successfully_connected',
  body: 'success' }
[2019-01-26T05:48:21.836] [INFO] DataBase - { r: 'mongodb',
  msg: 'Database_successfully_connected',
  body: 'success' }
[2019-01-26T05:48:55.493] [INFO] DataBase - { r: 'mongodb',
  msg: 'Database_successfully_connected',
  body: 'success' }
[2019-01-26T05:49:18.147] [INFO] DataBase - { r: 'mongodb',
  msg: 'Database_successfully_connected',
  body: 'success' }
[2019-01-26T05:49:52.137] [INFO] DataBase - { r: 'mongodb',
  msg: 'Database_successfully_connected',
  body: 'success' }
[2019-01-26T05:57:09.486] [INFO] DataBase - { r: 'mongodb',
  msg: 'Database_successfully_connected',
  body: 'success' }
[2019-01-26T05:59:06.399] [INFO] DataBase - { r: 'mongodb',
  msg: 'Database_successfully_connected',
  body: 'success' }
[2019-01-26T06:01:26.223] [INFO] DataBase - { r: 'mongodb',
  msg: 'Database_successfully_connected',
  body: 'success' }
[2019-01-26T06:03:13.181] [INFO] DataBase - { r: 'mongodb',
  msg: 'Database_successfully_connected',
  body: 'success' }
[2019-01-26T06:04:02.077] [INFO] DataBase - { r: 'mongodb',
  msg: 'Database_successfully_connected',
  body: 'success' }
[2019-01-26T06:05:58.332] [INFO] DataBase - { r: 'mongodb',
  msg: 'Database_successfully_connected',
  body: 'success' }
[2019-01-26T06:11:59.919] [INFO] DataBase - { r: 'mongodb',
  msg: 'Database_successfully_connected',
  body: 'success' }
[2019-01-26T06:18:11.650] [INFO] DataBase - { r: 'mongodb',
  msg: 'Database_successfully_connected',
  body: 'success' }
[2019-01-26T06:18:34.795] [INFO] DataBase - { r: 'mongodb',
  msg: 'Database_successfully_connected',
  body: 'success' }
[2019-01-26T06:27:51.068] [INFO] DataBase - { r: 'mongodb',
  msg: 'Database_successfully_connected',
  body: 'success' }
[2019-01-26T06:31:05.973] [INFO] DataBase - { r: 'mongodb',
  msg: 'Database_successfully_connected',
  body: 'success' }
[2019-01-26T06:33:28.088] [INFO] DataBase - { r: 'mongodb',
  msg: 'Database_successfully_connected',
  body: 'success' }
[2019-01-26T06:42:43.029] [INFO] DataBase - { r: 'mongodb',
  msg: 'Database_successfully_connected',
  body: 'success' }
[2019-01-26T06:44:17.068] [INFO] DataBase - { r: 'mongodb',
  msg: 'Database_successfully_connected',
  body: 'success' }
[2019-01-26T07:02:00.304] [INFO] DataBase - { r: 'mongodb',
  msg: 'Database_successfully_connected',
  body: 'success' }
[2019-01-26T07:03:13.664] [INFO] DataBase - { r: 'mongodb',
  msg: 'Database_successfully_connected',
  body: 'success' }
[2019-01-26T07:04:00.421] [INFO] DataBase - { r: 'mongodb',
  msg: 'Database_successfully_connected',
  body: 'success' }
[2019-01-26T07:05:06.113] [INFO] DataBase - { r: 'mongodb',
  msg: 'Database_successfully_connected',
  body: 'success' }
[2019-01-26T07:19:53.980] [INFO] DataBase - { r: 'mongodb',
  msg: 'Database_successfully_connected',
  body: 'success' }
[2019-01-26T07:20:10.122] [INFO] DataBase - { r: 'mongodb',
  msg: 'Database_successfully_connected',
  body: 'success' }
[2019-01-26T07:20:22.969] [INFO] DataBase - { r: 'mongodb',
  msg: 'Database_successfully_connected',
  body: 'success' }
[2019-01-26T08:22:39.179] [INFO] DataBase - { r: 'mongodb',
  msg: 'Database_successfully_connected',
  body: 'success' }
[2019-01-26T08:40:47.413] [INFO] DataBase - { r: 'mongodb',
  msg: 'Database_successfully_connected',
  body: 'success' }
[2019-01-26T09:35:42.477] [INFO] DataBase - { r: 'mongodb',
  msg: 'Database_successfully_connected',
  body: 'success' }
[2019-01-26T09:36:05.035] [INFO] DataBase - { r: 'mongodb',
  msg: 'Database_successfully_connected',
  body: 'success' }
[2019-01-26T09:36:30.095] [INFO] DataBase - { r: 'mongodb',
  msg: 'Database_successfully_connected',
  body: 'success' }
[2019-01-26T09:58:28.413] [INFO] DataBase - { r: 'mongodb',
  msg: 'Database_successfully_connected',
  body: 'success' }
[2019-01-26T10:07:43.914] [INFO] DataBase - { r: 'mongodb',
  msg: 'Database_successfully_connected',
  body: 'success' }
[2019-01-26T10:13:18.081] [INFO] DataBase - { r: 'mongodb',
  msg: 'Database_successfully_connected',
  body: 'success' }
[2019-01-26T10:16:33.751] [INFO] DataBase - { r: 'mongodb',
  msg: 'Database_successfully_connected',
  body: 'success' }
[2019-01-26T10:16:59.567] [INFO] DataBase - { r: 'mongodb',
  msg: 'Database_successfully_connected',
  body: 'success' }
[2019-01-26T10:51:25.748] [INFO] DataBase - { r: 'mongodb',
  msg: 'Database_successfully_connected',
  body: 'success' }
[2019-01-26T11:05:51.121] [INFO] DataBase - { r: 'mongodb',
  msg: 'Database_successfully_connected',
  body: 'success' }
[2019-01-26T11:06:14.526] [INFO] DataBase - { r: 'mongodb',
  msg: 'Database_successfully_connected',
  body: 'success' }
[2019-01-26T11:35:37.711] [INFO] DataBase - { r: 'mongodb',
  msg: 'Database_successfully_connected',
  body: 'success' }
[2019-01-26T11:36:24.240] [ERROR] DataBase - { r: 'mongodb',
  msg: 'mongodb_connection_error',
  body: 
   { MongoNetworkError: failed to connect to server [ds213255.mlab.com:13255] on first connect [MongoNetworkError: getaddrinfo ENOTFOUND ds213255.mlab.com ds213255.mlab.com:13255]
       at Pool.<anonymous> (/home/manish/Documents/vizack-server/node_modules/mongodb-core/lib/topologies/server.js:564:11)
       at emitOne (events.js:96:13)
       at Pool.emit (events.js:188:7)
       at Connection.<anonymous> (/home/manish/Documents/vizack-server/node_modules/mongodb-core/lib/connection/pool.js:317:12)
       at Connection.g (events.js:292:16)
       at emitTwo (events.js:106:13)
       at Connection.emit (events.js:191:7)
       at Socket.<anonymous> (/home/manish/Documents/vizack-server/node_modules/mongodb-core/lib/connection/connection.js:246:50)
       at Socket.g (events.js:292:16)
       at emitOne (events.js:96:13)
       at Socket.emit (events.js:188:7)
       at connectErrorNT (net.js:1034:8)
       at _combinedTickCallback (internal/process/next_tick.js:80:11)
       at process._tickCallback (internal/process/next_tick.js:104:9)
     name: 'MongoNetworkError',
     errorLabels: [ 'TransientTransactionError' ] } }
[2019-01-26T11:36:37.626] [ERROR] DataBase - { r: 'mongodb',
  msg: 'mongodb_connection_error',
  body: 
   { MongoNetworkError: failed to connect to server [ds213255.mlab.com:13255] on first connect [MongoNetworkError: getaddrinfo ENOTFOUND ds213255.mlab.com ds213255.mlab.com:13255]
       at Pool.<anonymous> (/home/manish/Documents/vizack-server/node_modules/mongodb-core/lib/topologies/server.js:564:11)
       at emitOne (events.js:96:13)
       at Pool.emit (events.js:188:7)
       at Connection.<anonymous> (/home/manish/Documents/vizack-server/node_modules/mongodb-core/lib/connection/pool.js:317:12)
       at Connection.g (events.js:292:16)
       at emitTwo (events.js:106:13)
       at Connection.emit (events.js:191:7)
       at Socket.<anonymous> (/home/manish/Documents/vizack-server/node_modules/mongodb-core/lib/connection/connection.js:246:50)
       at Socket.g (events.js:292:16)
       at emitOne (events.js:96:13)
       at Socket.emit (events.js:188:7)
       at connectErrorNT (net.js:1034:8)
       at _combinedTickCallback (internal/process/next_tick.js:80:11)
       at process._tickCallback (internal/process/next_tick.js:104:9)
     name: 'MongoNetworkError',
     errorLabels: [ 'TransientTransactionError' ] } }
[2019-01-26T11:43:11.026] [INFO] DataBase - { r: 'mongodb',
  msg: 'Database_successfully_connected',
  body: 'success' }
[2019-01-26T11:44:09.613] [INFO] DataBase - { r: 'mongodb',
  msg: 'Database_successfully_connected',
  body: 'success' }
[2019-01-26T11:44:31.234] [INFO] DataBase - { r: 'mongodb',
  msg: 'Database_successfully_connected',
  body: 'success' }
[2019-01-26T11:48:19.352] [INFO] DataBase - { r: 'mongodb',
  msg: 'Database_successfully_connected',
  body: 'success' }
[2019-01-26T11:50:51.851] [INFO] DataBase - { r: 'mongodb',
  msg: 'Database_successfully_connected',
  body: 'success' }
[2019-01-26T11:55:22.982] [INFO] DataBase - { r: 'mongodb',
  msg: 'Database_successfully_connected',
  body: 'success' }
[2019-01-26T11:55:50.520] [INFO] DataBase - { r: 'mongodb',
  msg: 'Database_successfully_connected',
  body: 'success' }
[2019-01-26T12:01:23.923] [INFO] DataBase - { r: 'mongodb',
  msg: 'Database_successfully_connected',
  body: 'success' }
[2019-01-26T12:18:02.827] [INFO] DataBase - { r: 'mongodb',
  msg: 'Database_successfully_connected',
  body: 'success' }
[2019-01-26T12:21:44.248] [INFO] DataBase - { r: 'mongodb',
  msg: 'Database_successfully_connected',
  body: 'success' }
[2019-01-26T12:25:26.203] [INFO] DataBase - { r: 'mongodb',
  msg: 'Database_successfully_connected',
  body: 'success' }
[2019-01-26T12:25:46.881] [INFO] DataBase - { r: 'mongodb',
  msg: 'Database_successfully_connected',
  body: 'success' }
[2019-01-26T12:44:01.118] [INFO] DataBase - { r: 'mongodb',
  msg: 'Database_successfully_connected',
  body: 'success' }
[2019-01-26T12:46:15.236] [INFO] DataBase - { r: 'mongodb',
  msg: 'Database_successfully_connected',
  body: 'success' }
[2019-01-26T12:46:47.848] [INFO] DataBase - { r: 'mongodb',
  msg: 'Database_successfully_connected',
  body: 'success' }
[2019-02-20T22:40:25.064] [INFO] DataBase - { r: 'mongodb',
  msg: 'Database_successfully_connected',
  body: 'success' }
[2019-02-20T22:44:16.122] [INFO] DataBase - { r: 'mongodb',
  msg: 'Database_successfully_connected',
  body: 'success' }
[2019-02-20T23:04:13.351] [INFO] DataBase - { r: 'mongodb',
  msg: 'Database_successfully_connected',
  body: 'success' }
[2019-02-27T00:20:29.136] [INFO] DataBase - { r: 'mongodb',
  msg: 'Database_successfully_connected',
  body: 'success' }
[2019-03-02T07:35:23.539] [INFO] DataBase - { r: 'mongodb',
  msg: 'Database_successfully_connected',
  body: 'success' }
[2019-03-02T08:04:42.765] [INFO] DataBase - { r: 'mongodb',
  msg: 'Database_successfully_connected',
  body: 'success' }
[2019-03-02T14:42:15.455] [INFO] DataBase - { r: 'mongodb',
  msg: 'Database_successfully_connected',
  body: 'success' }
[2019-03-02T15:05:19.681] [INFO] DataBase - { r: 'mongodb',
  msg: 'Database_successfully_connected',
  body: 'success' }
[2019-03-02T15:13:36.170] [INFO] DataBase - { r: 'mongodb',
  msg: 'Database_successfully_connected',
  body: 'success' }
[2019-03-02T15:18:49.617] [INFO] DataBase - { r: 'mongodb',
  msg: 'Database_successfully_connected',
  body: 'success' }
[2019-03-02T15:23:59.140] [INFO] DataBase - { r: 'mongodb',
  msg: 'Database_successfully_connected',
  body: 'success' }
[2019-03-02T15:28:56.609] [INFO] DataBase - { r: 'mongodb',
  msg: 'Database_successfully_connected',
  body: 'success' }
[2019-03-02T15:29:51.961] [INFO] DataBase - { r: 'mongodb',
  msg: 'Database_successfully_connected',
  body: 'success' }
[2019-03-02T15:39:27.244] [INFO] DataBase - { r: 'mongodb',
  msg: 'Database_successfully_connected',
  body: 'success' }
[2019-03-02T15:41:15.805] [INFO] DataBase - { r: 'mongodb',
  msg: 'Database_successfully_connected',
  body: 'success' }
[2019-03-03T16:06:04.188] [INFO] DataBase - { r: 'mongodb',
  msg: 'Database_successfully_connected',
  body: 'success' }
[2019-03-03T16:43:17.606] [INFO] DataBase - { r: 'mongodb',
  msg: 'Database_successfully_connected',
  body: 'success' }
[2019-03-03T17:00:28.610] [INFO] DataBase - { r: 'mongodb',
  msg: 'Database_successfully_connected',
  body: 'success' }
[2019-03-03T17:01:18.861] [INFO] DataBase - { r: 'mongodb',
  msg: 'Database_successfully_connected',
  body: 'success' }
[2019-03-03T17:03:16.046] [INFO] DataBase - { r: 'mongodb',
  msg: 'Database_successfully_connected',
  body: 'success' }
[2019-03-03T17:08:15.697] [INFO] DataBase - { r: 'mongodb',
  msg: 'Database_successfully_connected',
  body: 'success' }
[2019-03-03T17:18:42.341] [INFO] DataBase - { r: 'mongodb',
  msg: 'Database_successfully_connected',
  body: 'success' }
[2019-03-03T17:19:05.203] [INFO] DataBase - { r: 'mongodb',
  msg: 'Database_successfully_connected',
  body: 'success' }
[2019-03-03T17:19:39.842] [INFO] DataBase - { r: 'mongodb',
  msg: 'Database_successfully_connected',
  body: 'success' }
[2019-03-03T17:38:14.142] [INFO] DataBase - { r: 'mongodb',
  msg: 'Database_successfully_connected',
  body: 'success' }
[2019-03-03T17:39:50.500] [INFO] DataBase - { r: 'mongodb',
  msg: 'Database_successfully_connected',
  body: 'success' }
[2019-08-15T20:07:51.830] [INFO] DataBase - { r: 'mongodb',
  msg: 'Database_successfully_connected',
  body: 'success' }
[2019-08-15T20:09:12.277] [INFO] DataBase - { r: 'mongodb',
  msg: 'Database_successfully_connected',
  body: 'success' }
[2019-08-15T20:10:31.944] [INFO] DataBase - { r: 'mongodb',
  msg: 'Database_successfully_connected',
  body: 'success' }
[2019-08-15T20:10:55.821] [INFO] DataBase - { r: 'mongodb',
  msg: 'Database_successfully_connected',
  body: 'success' }
[2019-08-27T00:04:57.302] [INFO] DataBase - { r: 'mongodb',
  msg: 'Database_successfully_connected',
  body: 'success' }
[2019-08-27T00:23:59.584] [INFO] DataBase - { r: 'mongodb',
  msg: 'Database_successfully_connected',
  body: 'success' }
[2019-08-27T13:04:41.900] [INFO] DataBase - { r: 'mongodb',
  msg: 'Database_successfully_connected',
  body: 'success' }
[2019-08-27T13:05:54.374] [INFO] DataBase - { r: 'mongodb',
  msg: 'Database_successfully_connected',
  body: 'success' }
