[2019-08-27T00:31:19.816] [ERROR] DryCleaning - { r: 'contact_us',
  method: 'post',
  msg: 'Invalid Parameters',
  p: { name: 'sss', email: '', mobile: '', services: '', desc: '' } }
[2019-08-27T00:36:48.538] [ERROR] DryCleaning - { r: 'contact_us',
  method: 'post',
  msg: 'Invalid Parameters',
  p: { name: 'ss', email: '', mobile: '', services: '', desc: '' } }
[2019-08-27T00:37:00.012] [ERROR] DryCleaning - { r: 'contact_us',
  method: 'post',
  msg: 'Invalid Parameters',
  p: { name: 'ssss', email: '', mobile: '', services: '', desc: '' } }
[2019-08-27T00:40:25.522] [ERROR] DryCleaning - { r: 'contact_us',
  method: 'post',
  msg: 'Invalid Parameters',
  p: { name: '', email: '', mobile: '', services: '', desc: '' } }
[2019-08-27T00:40:37.776] [ERROR] DryCleaning - { r: 'contact_us',
  method: 'post',
  msg: 'Invalid Parameters',
  p: { name: 's', email: '', mobile: '', services: '', desc: '' } }
[2019-08-27T00:40:45.490] [ERROR] DryCleaning - { r: 'contact_us',
  method: 'post',
  msg: 'Invalid Parameters',
  p: { name: 'ss', email: '', mobile: '', services: '', desc: '' } }
